;  LST file generated by mikroListExporter - v.2.0 
; Date/Time: 25-Feb-23 7:27:12 PM
;----------------------------------------------

;Address Opcode 	ASM
0x0000	0x2803      	GOTO       3
_main:
;servo.c,1 :: 		void main() {
;servo.c,2 :: 		trisb=0x00;
0x0003	0x1683      	BSF        STATUS, 5
0x0004	0x1303      	BCF        STATUS, 6
0x0005	0x0186      	CLRF       TRISB
;servo.c,3 :: 		portb=0x00;
0x0006	0x1283      	BCF        STATUS, 5
0x0007	0x0186      	CLRF       PORTB
;servo.c,4 :: 		while(1){
L_main0:
;servo.c,6 :: 		portb.f0=1;
0x0008	0x1406      	BSF        PORTB, 0
;servo.c,7 :: 		delay_us(1000);
0x0009	0x3003      	MOVLW      3
0x000A	0x00FC      	MOVWF      R12
0x000B	0x3097      	MOVLW      151
0x000C	0x00FD      	MOVWF      R13
L_main2:
0x000D	0x0BFD      	DECFSZ     R13, 1
0x000E	0x280D      	GOTO       L_main2
0x000F	0x0BFC      	DECFSZ     R12, 1
0x0010	0x280D      	GOTO       L_main2
0x0011	0x0000      	NOP
0x0012	0x0000      	NOP
;servo.c,8 :: 		portb.f0=0;
0x0013	0x1006      	BCF        PORTB, 0
;servo.c,9 :: 		delay_ms(20);
0x0014	0x3034      	MOVLW      52
0x0015	0x00FC      	MOVWF      R12
0x0016	0x30F1      	MOVLW      241
0x0017	0x00FD      	MOVWF      R13
L_main3:
0x0018	0x0BFD      	DECFSZ     R13, 1
0x0019	0x2818      	GOTO       L_main3
0x001A	0x0BFC      	DECFSZ     R12, 1
0x001B	0x2818      	GOTO       L_main3
0x001C	0x0000      	NOP
0x001D	0x0000      	NOP
;servo.c,10 :: 		delay_ms(1000);
0x001E	0x300B      	MOVLW      11
0x001F	0x00FB      	MOVWF      R11
0x0020	0x3026      	MOVLW      38
0x0021	0x00FC      	MOVWF      R12
0x0022	0x305D      	MOVLW      93
0x0023	0x00FD      	MOVWF      R13
L_main4:
0x0024	0x0BFD      	DECFSZ     R13, 1
0x0025	0x2824      	GOTO       L_main4
0x0026	0x0BFC      	DECFSZ     R12, 1
0x0027	0x2824      	GOTO       L_main4
0x0028	0x0BFB      	DECFSZ     R11, 1
0x0029	0x2824      	GOTO       L_main4
0x002A	0x0000      	NOP
0x002B	0x0000      	NOP
;servo.c,13 :: 		portb.f0=1;
0x002C	0x1406      	BSF        PORTB, 0
;servo.c,14 :: 		delay_us(1500);
0x002D	0x3004      	MOVLW      4
0x002E	0x00FC      	MOVWF      R12
0x002F	0x30E4      	MOVLW      228
0x0030	0x00FD      	MOVWF      R13
L_main5:
0x0031	0x0BFD      	DECFSZ     R13, 1
0x0032	0x2831      	GOTO       L_main5
0x0033	0x0BFC      	DECFSZ     R12, 1
0x0034	0x2831      	GOTO       L_main5
0x0035	0x0000      	NOP
;servo.c,15 :: 		portb.f0=0;
0x0036	0x1006      	BCF        PORTB, 0
;servo.c,16 :: 		delay_ms(20);
0x0037	0x3034      	MOVLW      52
0x0038	0x00FC      	MOVWF      R12
0x0039	0x30F1      	MOVLW      241
0x003A	0x00FD      	MOVWF      R13
L_main6:
0x003B	0x0BFD      	DECFSZ     R13, 1
0x003C	0x283B      	GOTO       L_main6
0x003D	0x0BFC      	DECFSZ     R12, 1
0x003E	0x283B      	GOTO       L_main6
0x003F	0x0000      	NOP
0x0040	0x0000      	NOP
;servo.c,17 :: 		delay_ms(1000);
0x0041	0x300B      	MOVLW      11
0x0042	0x00FB      	MOVWF      R11
0x0043	0x3026      	MOVLW      38
0x0044	0x00FC      	MOVWF      R12
0x0045	0x305D      	MOVLW      93
0x0046	0x00FD      	MOVWF      R13
L_main7:
0x0047	0x0BFD      	DECFSZ     R13, 1
0x0048	0x2847      	GOTO       L_main7
0x0049	0x0BFC      	DECFSZ     R12, 1
0x004A	0x2847      	GOTO       L_main7
0x004B	0x0BFB      	DECFSZ     R11, 1
0x004C	0x2847      	GOTO       L_main7
0x004D	0x0000      	NOP
0x004E	0x0000      	NOP
;servo.c,20 :: 		portb.f0=1;
0x004F	0x1406      	BSF        PORTB, 0
;servo.c,21 :: 		delay_us(3000);
0x0050	0x3008      	MOVLW      8
0x0051	0x00FC      	MOVWF      R12
0x0052	0x30C9      	MOVLW      201
0x0053	0x00FD      	MOVWF      R13
L_main8:
0x0054	0x0BFD      	DECFSZ     R13, 1
0x0055	0x2854      	GOTO       L_main8
0x0056	0x0BFC      	DECFSZ     R12, 1
0x0057	0x2854      	GOTO       L_main8
0x0058	0x0000      	NOP
0x0059	0x0000      	NOP
;servo.c,22 :: 		portb.f0=0;
0x005A	0x1006      	BCF        PORTB, 0
;servo.c,23 :: 		delay_ms(20);
0x005B	0x3034      	MOVLW      52
0x005C	0x00FC      	MOVWF      R12
0x005D	0x30F1      	MOVLW      241
0x005E	0x00FD      	MOVWF      R13
L_main9:
0x005F	0x0BFD      	DECFSZ     R13, 1
0x0060	0x285F      	GOTO       L_main9
0x0061	0x0BFC      	DECFSZ     R12, 1
0x0062	0x285F      	GOTO       L_main9
0x0063	0x0000      	NOP
0x0064	0x0000      	NOP
;servo.c,24 :: 		delay_ms(1000);
0x0065	0x300B      	MOVLW      11
0x0066	0x00FB      	MOVWF      R11
0x0067	0x3026      	MOVLW      38
0x0068	0x00FC      	MOVWF      R12
0x0069	0x305D      	MOVLW      93
0x006A	0x00FD      	MOVWF      R13
L_main10:
0x006B	0x0BFD      	DECFSZ     R13, 1
0x006C	0x286B      	GOTO       L_main10
0x006D	0x0BFC      	DECFSZ     R12, 1
0x006E	0x286B      	GOTO       L_main10
0x006F	0x0BFB      	DECFSZ     R11, 1
0x0070	0x286B      	GOTO       L_main10
0x0071	0x0000      	NOP
0x0072	0x0000      	NOP
;servo.c,29 :: 		}
0x0073	0x2808      	GOTO       L_main0
;servo.c,30 :: 		}
L_end_main:
0x0074	0x2874      	GOTO       $+0
; end of _main
Symbol List:
//** Routines locations **
//ADDRESS    SIZE    PROCEDURE
//----------------------------------------------
0x0003     [114]    _main
//** Variables locations ** 
//ADDRESS    SIZE    VARIABLE
//----------------------------------------------
0x0000       [1]    INDF
0x0003       [1]    STATUS
0x0004       [1]    FSR
0x0006       [0]    RB1_bit
0x0006       [0]    RB2_bit
0x0006       [1]    PORTB
0x0006       [0]    RB0_bit
0x0006       [0]    RB3_bit
0x0006       [0]    RB4_bit
0x0006       [0]    RB5_bit
0x000A       [1]    PCLATH
0x0020       [2]    ___DoICPAddr
0x0070       [1]    R0
0x0071       [1]    R1
0x0072       [1]    R2
0x0073       [1]    R3
0x0074       [1]    R4
0x0075       [1]    R5
0x0076       [1]    R6
0x0077       [1]    R7
0x0078       [1]    R8
0x0079       [1]    R9
0x007A       [1]    R10
0x007B       [1]    R11
0x007C       [1]    R12
0x007D       [1]    R13
0x007E       [1]    R14
0x007F       [1]    R15
0x0086       [0]    TRISB1_bit
0x0086       [0]    TRISB2_bit
0x0086       [1]    TRISB
0x0086       [0]    TRISB4_bit
0x0086       [0]    TRISB3_bit
0x0086       [0]    TRISB0_bit
0x0086       [0]    TRISB5_bit
