;  LST file generated by mikroListExporter - v.2.0 
; Date/Time: 26-Feb-23 1:07:24 AM
;----------------------------------------------

;Address Opcode 	ASM
0x0000	0x2803      	GOTO       3
_main:
;pushbutton.c,1 :: 		void main() {
;pushbutton.c,2 :: 		trisb=0x00;
0x0003	0x1683      	BSF        STATUS, 5
0x0004	0x1303      	BCF        STATUS, 6
0x0005	0x0186      	CLRF       TRISB
;pushbutton.c,3 :: 		trisc=0xff;
0x0006	0x30FF      	MOVLW      255
0x0007	0x0087      	MOVWF      TRISC
;pushbutton.c,4 :: 		while(1){
L_main0:
;pushbutton.c,5 :: 		if(portc.f7==1)portb.f0=1;
0x0008	0x1283      	BCF        STATUS, 5
0x0009	0x1F87      	BTFSS      PORTC, 7
0x000A	0x280D      	GOTO       L_main2
0x000B	0x1406      	BSF        PORTB, 0
0x000C	0x280E      	GOTO       L_main3
L_main2:
;pushbutton.c,6 :: 		else portb.f0=0;
0x000D	0x1006      	BCF        PORTB, 0
L_main3:
;pushbutton.c,8 :: 		}
0x000E	0x2808      	GOTO       L_main0
;pushbutton.c,9 :: 		}
L_end_main:
0x000F	0x280F      	GOTO       $+0
; end of _main
Symbol List:
//** Routines locations **
//ADDRESS    SIZE    PROCEDURE
//----------------------------------------------
0x0003      [13]    _main
//** Variables locations ** 
//ADDRESS    SIZE    VARIABLE
//----------------------------------------------
0x0000       [1]    INDF
0x0003       [1]    STATUS
0x0004       [1]    FSR
0x0006       [1]    PORTB
0x0007       [1]    PORTC
0x000A       [1]    PCLATH
0x0020       [2]    ___DoICPAddr
0x0070       [1]    R0
0x0071       [1]    R1
0x0072       [1]    R2
0x0073       [1]    R3
0x0074       [1]    R4
0x0075       [1]    R5
0x0076       [1]    R6
0x0077       [1]    R7
0x0078       [1]    R8
0x0079       [1]    R9
0x007A       [1]    R10
0x007B       [1]    R11
0x007C       [1]    R12
0x007D       [1]    R13
0x007E       [1]    R14
0x007F       [1]    R15
0x0086       [1]    TRISB
0x0087       [1]    TRISC
//** Label List: ** 
//----------------------------------------------
  L_main0
  L_main1
  L_main2
  L_main3
  L_end_main
  _main
